2025-04-12 07:29:53,546 [WARNING] 'levels.db' veritabaný dosyasý bulunamadý, ilk XP kazanýmýnda oluþturulacak.
2025-04-12 07:29:53,547 [INFO] Yapýlandýrma dosyasý yükleniyor: c:\Users\onur\Desktop\Yata Misaki - testing\commands\Leveling\..\..\leveling_config.json
2025-04-12 07:29:53,547 [INFO] Yüklenen yapýlandýrma: {'xp_range': {'min': 15, 'max': 25}, 'xp_cooldown_seconds': 60, 'level_roles': {'1': '1334194610221748347', '3': '1334194609038823424', '5': '1231998687866261545', '7': '1334194608208347146', '10': '1231998687044173948', '13': '1334194604722884628', '15': '1231998686293131294', '18': '1334194605536706660', '20': '1231998685248749742', '23': '1334194607273279508', '25': '1231998683139276840', '28': '1334194606790672494', '30': '1231998669138694225', '33': '1334194600826634302', '35': '1334194603699732480', '38': '1334194586423132270', '40': '1334194614915043398'}, 'remove_roles_if_below_rank': None, 'remove_previous_roles': True, 'blacklisted_channels': [], 'xp_boosts': {}}
2025-04-12 07:29:53,549 [INFO] Seviye yapýlandýrmasý 'c:\Users\onur\Desktop\Yata Misaki - testing\commands\Leveling\..\..\leveling_config.json' baþarýyla yüklendi.
2025-04-12 07:29:53,549 [INFO] Yüklenen level_roles: {'1': '1334194610221748347', '3': '1334194609038823424', '5': '1231998687866261545', '7': '1334194608208347146', '10': '1231998687044173948', '13': '1334194604722884628', '15': '1231998686293131294', '18': '1334194605536706660', '20': '1231998685248749742', '23': '1334194607273279508', '25': '1231998683139276840', '28': '1334194606790672494', '30': '1231998669138694225', '33': '1334194600826634302', '35': '1334194603699732480', '38': '1334194586423132270', '40': '1334194614915043398'}
2025-04-12 07:29:53,578 [INFO] 'levels.db' veritabanýna baðlandý.
2025-04-12 07:29:53,579 [INFO] Leveling Cog (Seviye Sistemi) yüklendi!
2025-04-12 07:29:53,720 [WARNING] 'partners.db' veritabaný dosyasý bulunamadý, ilk partner kaydýnda oluþturulacak.
2025-04-12 07:29:53,737 [INFO] 'partners.db' veritabanýna baðlandý.
2025-04-12 07:29:53,739 [INFO] logging in using static token
2025-04-12 07:29:55,497 [INFO] Shard ID None has connected to Gateway (Session ID: 067f4cf2d04cfbef6acfe84e15e2e0ea).
2025-04-12 07:30:32,744 [INFO] Kullanýcý DB'de bulunamadý/eksik, sýfýrlanýyor (K:1075675348731183166, S:1108389209502392411)
2025-04-12 07:30:32,756 [INFO] Eski durum: onura1 | Seviye: 0, XP: 0, Toplam XP: 0
2025-04-12 07:30:32,767 [INFO] XP Deðiþimi: onura1 | Deðiþim: +10000 | Yeni Toplam XP: 10000 | Seviye: 0 -> 13
2025-04-12 07:30:32,767 [INFO] Seviye atlandý: 0 -> 13, rol güncelleme çaðrýlýyor.
2025-04-12 07:30:32,767 [INFO] Rol güncelleme baþlatýldý: onura1 (ID: 1075675348731183166), Seviye: 13
2025-04-12 07:30:32,767 [INFO] Level roles map: {'1': '1334194610221748347', '3': '1334194609038823424', '5': '1231998687866261545', '7': '1334194608208347146', '10': '1231998687044173948', '13': '1334194604722884628', '15': '1231998686293131294', '18': '1334194605536706660', '20': '1231998685248749742', '23': '1334194607273279508', '25': '1231998683139276840', '28': '1334194606790672494', '30': '1231998669138694225', '33': '1334194600826634302', '35': '1334194603699732480', '38': '1334194586423132270', '40': '1334194614915043398'}
2025-04-12 07:30:32,768 [INFO] Seviye string: 13
2025-04-12 07:30:32,768 [INFO] Seviye 13 için rol ID: 1334194604722884628
2025-04-12 07:30:32,768 [INFO] Rol bulundu: Gümüþ Yolcu (Lv. 13) (ID: 1334194604722884628)
2025-04-12 07:30:32,768 [INFO] Kullanýcýnýn mevcut rolleri: {1110215709792931942, 1141809409664749639, 1157967788535730246, 1185544229624238122, 1157967748589162507, 1157967747406368878, 1110969051049623663, 1110213775392514190, 1108389209502392411, 1109145299324243999}
2025-04-12 07:30:32,768 [INFO] Rol ekleniyor: Gümüþ Yolcu (Lv. 13) (ID: 1334194604722884628)
2025-04-12 07:30:48,937 [INFO] Eski durum: onura1 | Seviye: 13, XP: 1550, Toplam XP: 10000
2025-04-12 07:30:48,947 [INFO] XP Deðiþimi: onura1 | Deðiþim: +10000 | Yeni Toplam XP: 20000 | Seviye: 13 -> 18
2025-04-12 07:30:48,948 [INFO] Seviye atlandý: 13 -> 18, rol güncelleme çaðrýlýyor.
2025-04-12 07:30:48,948 [INFO] Rol güncelleme baþlatýldý: onura1 (ID: 1075675348731183166), Seviye: 18
2025-04-12 07:30:48,948 [INFO] Level roles map: {'1': '1334194610221748347', '3': '1334194609038823424', '5': '1231998687866261545', '7': '1334194608208347146', '10': '1231998687044173948', '13': '1334194604722884628', '15': '1231998686293131294', '18': '1334194605536706660', '20': '1231998685248749742', '23': '1334194607273279508', '25': '1231998683139276840', '28': '1334194606790672494', '30': '1231998669138694225', '33': '1334194600826634302', '35': '1334194603699732480', '38': '1334194586423132270', '40': '1334194614915043398'}
2025-04-12 07:30:48,948 [INFO] Seviye string: 18
2025-04-12 07:30:48,949 [INFO] Seviye 18 için rol ID: 1334194605536706660
2025-04-12 07:30:48,949 [INFO] Rol bulundu: Asa Taþýyan (Lv. 18) (ID: 1334194605536706660)
2025-04-12 07:30:48,949 [INFO] Kullanýcýnýn mevcut rolleri: {1110215709792931942, 1141809409664749639, 1157967788535730246, 1185544229624238122, 1157967748589162507, 1157967747406368878, 1110969051049623663, 1110213775392514190, 1334194604722884628, 1108389209502392411, 1109145299324243999}
2025-04-12 07:30:48,949 [INFO] Kaldýrýlacak rol: Gümüþ Yolcu (Lv. 13) (ID: 1334194604722884628)
2025-04-12 07:30:48,949 [INFO] Roller kaldýrýlýyor: ['Gümüþ Yolcu (Lv. 13)']
2025-04-12 07:30:49,456 [INFO] Rol ekleniyor: Asa Taþýyan (Lv. 18) (ID: 1334194605536706660)
2025-04-12 07:30:56,455 [INFO] Eski durum: onura1 | Seviye: 18, XP: 1625, Toplam XP: 20000
2025-04-12 07:30:56,467 [INFO] XP Deðiþimi: onura1 | Deðiþim: +10000 | Yeni Toplam XP: 30000 | Seviye: 18 -> 21
2025-04-12 07:30:56,467 [INFO] Seviye atlandý: 18 -> 21, rol güncelleme çaðrýlýyor.
2025-04-12 07:30:56,467 [INFO] Rol güncelleme baþlatýldý: onura1 (ID: 1075675348731183166), Seviye: 21
2025-04-12 07:30:56,468 [INFO] Level roles map: {'1': '1334194610221748347', '3': '1334194609038823424', '5': '1231998687866261545', '7': '1334194608208347146', '10': '1231998687044173948', '13': '1334194604722884628', '15': '1231998686293131294', '18': '1334194605536706660', '20': '1231998685248749742', '23': '1334194607273279508', '25': '1231998683139276840', '28': '1334194606790672494', '30': '1231998669138694225', '33': '1334194600826634302', '35': '1334194603699732480', '38': '1334194586423132270', '40': '1334194614915043398'}
2025-04-12 07:30:56,468 [INFO] Seviye string: 21
2025-04-12 07:30:56,468 [INFO] Seviye 21 için rol tanýmlý deðil.
2025-04-12 07:30:58,470 [INFO] Eski durum: onura1 | Seviye: 21, XP: 3050, Toplam XP: 30000
2025-04-12 07:30:58,484 [INFO] XP Deðiþimi: onura1 | Deðiþim: +10000 | Yeni Toplam XP: 40000 | Seviye: 21 -> 24
2025-04-12 07:30:58,484 [INFO] Seviye atlandý: 21 -> 24, rol güncelleme çaðrýlýyor.
2025-04-12 07:30:58,484 [INFO] Rol güncelleme baþlatýldý: onura1 (ID: 1075675348731183166), Seviye: 24
2025-04-12 07:30:58,484 [INFO] Level roles map: {'1': '1334194610221748347', '3': '1334194609038823424', '5': '1231998687866261545', '7': '1334194608208347146', '10': '1231998687044173948', '13': '1334194604722884628', '15': '1231998686293131294', '18': '1334194605536706660', '20': '1231998685248749742', '23': '1334194607273279508', '25': '1231998683139276840', '28': '1334194606790672494', '30': '1231998669138694225', '33': '1334194600826634302', '35': '1334194603699732480', '38': '1334194586423132270', '40': '1334194614915043398'}
2025-04-12 07:30:58,485 [INFO] Seviye string: 24
2025-04-12 07:30:58,485 [INFO] Seviye 24 için rol tanýmlý deðil.
2025-04-12 07:31:02,509 [INFO] Eski durum: onura1 | Seviye: 24, XP: 2180, Toplam XP: 40000
2025-04-12 07:31:02,522 [INFO] XP Deðiþimi: onura1 | Deðiþim: +10000 | Yeni Toplam XP: 50000 | Seviye: 24 -> 26
2025-04-12 07:31:02,522 [INFO] Seviye atlandý: 24 -> 26, rol güncelleme çaðrýlýyor.
2025-04-12 07:31:02,522 [INFO] Rol güncelleme baþlatýldý: onura1 (ID: 1075675348731183166), Seviye: 26
2025-04-12 07:31:02,522 [INFO] Level roles map: {'1': '1334194610221748347', '3': '1334194609038823424', '5': '1231998687866261545', '7': '1334194608208347146', '10': '1231998687044173948', '13': '1334194604722884628', '15': '1231998686293131294', '18': '1334194605536706660', '20': '1231998685248749742', '23': '1334194607273279508', '25': '1231998683139276840', '28': '1334194606790672494', '30': '1231998669138694225', '33': '1334194600826634302', '35': '1334194603699732480', '38': '1334194586423132270', '40': '1334194614915043398'}
2025-04-12 07:31:02,523 [INFO] Seviye string: 26
2025-04-12 07:31:02,523 [INFO] Seviye 26 için rol tanýmlý deðil.
2025-04-12 07:31:06,281 [INFO] Eski durum: onura1 | Seviye: 26, XP: 3525, Toplam XP: 50000
2025-04-12 07:31:06,294 [INFO] XP Deðiþimi: onura1 | Deðiþim: +10000 | Yeni Toplam XP: 60000 | Seviye: 26 -> 28
2025-04-12 07:31:06,295 [INFO] Seviye atlandý: 26 -> 28, rol güncelleme çaðrýlýyor.
2025-04-12 07:31:06,295 [INFO] Rol güncelleme baþlatýldý: onura1 (ID: 1075675348731183166), Seviye: 28
2025-04-12 07:31:06,295 [INFO] Level roles map: {'1': '1334194610221748347', '3': '1334194609038823424', '5': '1231998687866261545', '7': '1334194608208347146', '10': '1231998687044173948', '13': '1334194604722884628', '15': '1231998686293131294', '18': '1334194605536706660', '20': '1231998685248749742', '23': '1334194607273279508', '25': '1231998683139276840', '28': '1334194606790672494', '30': '1231998669138694225', '33': '1334194600826634302', '35': '1334194603699732480', '38': '1334194586423132270', '40': '1334194614915043398'}
2025-04-12 07:31:06,295 [INFO] Seviye string: 28
2025-04-12 07:31:06,296 [INFO] Seviye 28 için rol ID: 1334194606790672494
2025-04-12 07:31:06,296 [INFO] Rol bulundu: Gece Kýlýç Ustasý (Lv. 28) (ID: 1334194606790672494)
2025-04-12 07:31:06,296 [INFO] Kullanýcýnýn mevcut rolleri: {1334194605536706660, 1110215709792931942, 1141809409664749639, 1157967788535730246, 1185544229624238122, 1157967748589162507, 1157967747406368878, 1110969051049623663, 1110213775392514190, 1108389209502392411, 1109145299324243999}
2025-04-12 07:31:06,296 [INFO] Kaldýrýlacak rol: Asa Taþýyan (Lv. 18) (ID: 1334194605536706660)
2025-04-12 07:31:06,296 [INFO] Roller kaldýrýlýyor: ['Asa Taþýyan (Lv. 18)']
2025-04-12 07:31:06,731 [INFO] Rol ekleniyor: Gece Kýlýç Ustasý (Lv. 28) (ID: 1334194606790672494)
2025-04-12 07:31:09,610 [INFO] Eski durum: onura1 | Seviye: 28, XP: 3650, Toplam XP: 60000
2025-04-12 07:31:09,623 [INFO] XP Deðiþimi: onura1 | Deðiþim: +10000 | Yeni Toplam XP: 70000 | Seviye: 28 -> 30
2025-04-12 07:31:09,623 [INFO] Seviye atlandý: 28 -> 30, rol güncelleme çaðrýlýyor.
2025-04-12 07:31:09,623 [INFO] Rol güncelleme baþlatýldý: onura1 (ID: 1075675348731183166), Seviye: 30
2025-04-12 07:31:09,623 [INFO] Level roles map: {'1': '1334194610221748347', '3': '1334194609038823424', '5': '1231998687866261545', '7': '1334194608208347146', '10': '1231998687044173948', '13': '1334194604722884628', '15': '1231998686293131294', '18': '1334194605536706660', '20': '1231998685248749742', '23': '1334194607273279508', '25': '1231998683139276840', '28': '1334194606790672494', '30': '1231998669138694225', '33': '1334194600826634302', '35': '1334194603699732480', '38': '1334194586423132270', '40': '1334194614915043398'}
2025-04-12 07:31:09,624 [INFO] Seviye string: 30
2025-04-12 07:31:09,624 [INFO] Seviye 30 için rol ID: 1231998669138694225
2025-04-12 07:31:09,624 [INFO] Rol bulundu: Sessiz Gölge (Lv. 30) (ID: 1231998669138694225)
2025-04-12 07:31:09,624 [INFO] Kullanýcýnýn mevcut rolleri: {1110215709792931942, 1141809409664749639, 1157967788535730246, 1185544229624238122, 1157967748589162507, 1157967747406368878, 1110969051049623663, 1334194606790672494, 1110213775392514190, 1108389209502392411, 1109145299324243999}
2025-04-12 07:31:09,625 [INFO] Kaldýrýlacak rol: Gece Kýlýç Ustasý (Lv. 28) (ID: 1334194606790672494)
2025-04-12 07:31:09,625 [INFO] Roller kaldýrýlýyor: ['Gece Kýlýç Ustasý (Lv. 28)']
2025-04-12 07:31:09,983 [INFO] Rol ekleniyor: Sessiz Gölge (Lv. 30) (ID: 1231998669138694225)
2025-04-12 07:31:12,978 [INFO] Eski durum: onura1 | Seviye: 30, XP: 2475, Toplam XP: 70000
2025-04-12 07:31:12,989 [INFO] XP Deðiþimi: onura1 | Deðiþim: +10000 | Yeni Toplam XP: 80000 | Seviye: 30 -> 31
2025-04-12 07:31:12,989 [INFO] Seviye atlandý: 30 -> 31, rol güncelleme çaðrýlýyor.
2025-04-12 07:31:12,989 [INFO] Rol güncelleme baþlatýldý: onura1 (ID: 1075675348731183166), Seviye: 31
2025-04-12 07:31:12,989 [INFO] Level roles map: {'1': '1334194610221748347', '3': '1334194609038823424', '5': '1231998687866261545', '7': '1334194608208347146', '10': '1231998687044173948', '13': '1334194604722884628', '15': '1231998686293131294', '18': '1334194605536706660', '20': '1231998685248749742', '23': '1334194607273279508', '25': '1231998683139276840', '28': '1334194606790672494', '30': '1231998669138694225', '33': '1334194600826634302', '35': '1334194603699732480', '38': '1334194586423132270', '40': '1334194614915043398'}
2025-04-12 07:31:12,990 [INFO] Seviye string: 31
2025-04-12 07:31:12,990 [INFO] Seviye 31 için rol tanýmlý deðil.
2025-04-12 07:31:19,809 [INFO] Eski durum: onura1 | Seviye: 31, XP: 6375, Toplam XP: 80000
2025-04-12 07:31:19,819 [INFO] XP Deðiþimi: onura1 | Deðiþim: +10000 | Yeni Toplam XP: 90000 | Seviye: 31 -> 33
2025-04-12 07:31:19,819 [INFO] Seviye atlandý: 31 -> 33, rol güncelleme çaðrýlýyor.
2025-04-12 07:31:19,819 [INFO] Rol güncelleme baþlatýldý: onura1 (ID: 1075675348731183166), Seviye: 33
2025-04-12 07:31:19,819 [INFO] Level roles map: {'1': '1334194610221748347', '3': '1334194609038823424', '5': '1231998687866261545', '7': '1334194608208347146', '10': '1231998687044173948', '13': '1334194604722884628', '15': '1231998686293131294', '18': '1334194605536706660', '20': '1231998685248749742', '23': '1334194607273279508', '25': '1231998683139276840', '28': '1334194606790672494', '30': '1231998669138694225', '33': '1334194600826634302', '35': '1334194603699732480', '38': '1334194586423132270', '40': '1334194614915043398'}
2025-04-12 07:31:19,820 [INFO] Seviye string: 33
2025-04-12 07:31:19,820 [INFO] Seviye 33 için rol ID: 1334194600826634302
2025-04-12 07:31:19,820 [INFO] Rol bulundu: Gümüþ Kralýn Varisi (Lv. 33) (ID: 1334194600826634302)
2025-04-12 07:31:19,820 [INFO] Kullanýcýnýn mevcut rolleri: {1110215709792931942, 1141809409664749639, 1157967788535730246, 1185544229624238122, 1157967748589162507, 1157967747406368878, 1110969051049623663, 1110213775392514190, 1231998669138694225, 1108389209502392411, 1109145299324243999}
2025-04-12 07:31:19,820 [INFO] Kaldýrýlacak rol: Sessiz Gölge (Lv. 30) (ID: 1231998669138694225)
2025-04-12 07:31:19,821 [INFO] Roller kaldýrýlýyor: ['Sessiz Gölge (Lv. 30)']
2025-04-12 07:31:20,180 [INFO] Rol ekleniyor: Gümüþ Kralýn Varisi (Lv. 33) (ID: 1334194600826634302)
2025-04-12 07:31:23,017 [INFO] Eski durum: onura1 | Seviye: 33, XP: 3100, Toplam XP: 90000
2025-04-12 07:31:23,031 [INFO] XP Deðiþimi: onura1 | Deðiþim: +10000 | Yeni Toplam XP: 100000 | Seviye: 33 -> 34
2025-04-12 07:31:23,031 [INFO] Seviye atlandý: 33 -> 34, rol güncelleme çaðrýlýyor.
2025-04-12 07:31:23,031 [INFO] Rol güncelleme baþlatýldý: onura1 (ID: 1075675348731183166), Seviye: 34
2025-04-12 07:31:23,032 [INFO] Level roles map: {'1': '1334194610221748347', '3': '1334194609038823424', '5': '1231998687866261545', '7': '1334194608208347146', '10': '1231998687044173948', '13': '1334194604722884628', '15': '1231998686293131294', '18': '1334194605536706660', '20': '1231998685248749742', '23': '1334194607273279508', '25': '1231998683139276840', '28': '1334194606790672494', '30': '1231998669138694225', '33': '1334194600826634302', '35': '1334194603699732480', '38': '1334194586423132270', '40': '1334194614915043398'}
2025-04-12 07:31:23,032 [INFO] Seviye string: 34
2025-04-12 07:31:23,032 [INFO] Seviye 34 için rol tanýmlý deðil.
2025-04-12 07:31:25,368 [INFO] Eski durum: onura1 | Seviye: 34, XP: 5905, Toplam XP: 100000
2025-04-12 07:31:25,380 [INFO] XP Deðiþimi: onura1 | Deðiþim: +10000 | Yeni Toplam XP: 110000 | Seviye: 34 -> 36
2025-04-12 07:31:25,380 [INFO] Seviye atlandý: 34 -> 36, rol güncelleme çaðrýlýyor.
2025-04-12 07:31:25,381 [INFO] Rol güncelleme baþlatýldý: onura1 (ID: 1075675348731183166), Seviye: 36
2025-04-12 07:31:25,381 [INFO] Level roles map: {'1': '1334194610221748347', '3': '1334194609038823424', '5': '1231998687866261545', '7': '1334194608208347146', '10': '1231998687044173948', '13': '1334194604722884628', '15': '1231998686293131294', '18': '1334194605536706660', '20': '1231998685248749742', '23': '1334194607273279508', '25': '1231998683139276840', '28': '1334194606790672494', '30': '1231998669138694225', '33': '1334194600826634302', '35': '1334194603699732480', '38': '1334194586423132270', '40': '1334194614915043398'}
2025-04-12 07:31:25,381 [INFO] Seviye string: 36
2025-04-12 07:31:25,381 [INFO] Seviye 36 için rol tanýmlý deðil.
2025-04-12 07:31:33,451 [INFO] Eski durum: onura1 | Seviye: 36, XP: 350, Toplam XP: 110000
2025-04-12 07:31:33,461 [INFO] XP Deðiþimi: onura1 | Deðiþim: +10000 | Yeni Toplam XP: 120000 | Seviye: 36 -> 37
2025-04-12 07:31:33,461 [INFO] Seviye atlandý: 36 -> 37, rol güncelleme çaðrýlýyor.
2025-04-12 07:31:33,461 [INFO] Rol güncelleme baþlatýldý: onura1 (ID: 1075675348731183166), Seviye: 37
2025-04-12 07:31:33,461 [INFO] Level roles map: {'1': '1334194610221748347', '3': '1334194609038823424', '5': '1231998687866261545', '7': '1334194608208347146', '10': '1231998687044173948', '13': '1334194604722884628', '15': '1231998686293131294', '18': '1334194605536706660', '20': '1231998685248749742', '23': '1334194607273279508', '25': '1231998683139276840', '28': '1334194606790672494', '30': '1231998669138694225', '33': '1334194600826634302', '35': '1334194603699732480', '38': '1334194586423132270', '40': '1334194614915043398'}
2025-04-12 07:31:33,462 [INFO] Seviye string: 37
2025-04-12 07:31:33,462 [INFO] Seviye 37 için rol tanýmlý deðil.
2025-04-12 07:31:35,714 [INFO] Eski durum: onura1 | Seviye: 37, XP: 1970, Toplam XP: 120000
2025-04-12 07:31:35,727 [INFO] XP Deðiþimi: onura1 | Deðiþim: +10000 | Yeni Toplam XP: 130000 | Seviye: 37 -> 38
2025-04-12 07:31:35,727 [INFO] Seviye atlandý: 37 -> 38, rol güncelleme çaðrýlýyor.
2025-04-12 07:31:35,727 [INFO] Rol güncelleme baþlatýldý: onura1 (ID: 1075675348731183166), Seviye: 38
2025-04-12 07:31:35,727 [INFO] Level roles map: {'1': '1334194610221748347', '3': '1334194609038823424', '5': '1231998687866261545', '7': '1334194608208347146', '10': '1231998687044173948', '13': '1334194604722884628', '15': '1231998686293131294', '18': '1334194605536706660', '20': '1231998685248749742', '23': '1334194607273279508', '25': '1231998683139276840', '28': '1334194606790672494', '30': '1231998669138694225', '33': '1334194600826634302', '35': '1334194603699732480', '38': '1334194586423132270', '40': '1334194614915043398'}
2025-04-12 07:31:35,728 [INFO] Seviye string: 38
2025-04-12 07:31:35,728 [INFO] Seviye 38 için rol ID: 1334194586423132270
2025-04-12 07:31:35,728 [INFO] Rol bulundu: Mavi Düzen Bekçisi (Lv. 38) (ID: 1334194586423132270)
2025-04-12 07:31:35,728 [INFO] Kullanýcýnýn mevcut rolleri: {1110215709792931942, 1141809409664749639, 1157967788535730246, 1185544229624238122, 1157967748589162507, 1157967747406368878, 1110969051049623663, 1110213775392514190, 1108389209502392411, 1334194600826634302, 1109145299324243999}
2025-04-12 07:31:35,728 [INFO] Kaldýrýlacak rol: Gümüþ Kralýn Varisi (Lv. 33) (ID: 1334194600826634302)
2025-04-12 07:31:35,729 [INFO] Roller kaldýrýlýyor: ['Gümüþ Kralýn Varisi (Lv. 33)']
2025-04-12 07:31:36,088 [INFO] Rol ekleniyor: Mavi Düzen Bekçisi (Lv. 38) (ID: 1334194586423132270)
2025-04-12 07:31:38,765 [INFO] Eski durum: onura1 | Seviye: 38, XP: 3175, Toplam XP: 130000
2025-04-12 07:31:38,774 [INFO] XP Deðiþimi: onura1 | Deðiþim: +10000 | Yeni Toplam XP: 140000 | Seviye: 38 -> 39
2025-04-12 07:31:38,774 [INFO] Seviye atlandý: 38 -> 39, rol güncelleme çaðrýlýyor.
2025-04-12 07:31:38,774 [INFO] Rol güncelleme baþlatýldý: onura1 (ID: 1075675348731183166), Seviye: 39
2025-04-12 07:31:38,774 [INFO] Level roles map: {'1': '1334194610221748347', '3': '1334194609038823424', '5': '1231998687866261545', '7': '1334194608208347146', '10': '1231998687044173948', '13': '1334194604722884628', '15': '1231998686293131294', '18': '1334194605536706660', '20': '1231998685248749742', '23': '1334194607273279508', '25': '1231998683139276840', '28': '1334194606790672494', '30': '1231998669138694225', '33': '1334194600826634302', '35': '1334194603699732480', '38': '1334194586423132270', '40': '1334194614915043398'}
2025-04-12 07:31:38,776 [INFO] Seviye string: 39
2025-04-12 07:31:38,776 [INFO] Seviye 39 için rol tanýmlý deðil.
2025-04-12 07:31:41,065 [INFO] Eski durum: onura1 | Seviye: 39, XP: 3955, Toplam XP: 140000
2025-04-12 07:31:41,074 [INFO] XP Deðiþimi: onura1 | Deðiþim: +10000 | Yeni Toplam XP: 150000 | Seviye: 39 -> 40
2025-04-12 07:31:41,075 [INFO] Seviye atlandý: 39 -> 40, rol güncelleme çaðrýlýyor.
2025-04-12 07:31:41,075 [INFO] Rol güncelleme baþlatýldý: onura1 (ID: 1075675348731183166), Seviye: 40
2025-04-12 07:31:41,075 [INFO] Level roles map: {'1': '1334194610221748347', '3': '1334194609038823424', '5': '1231998687866261545', '7': '1334194608208347146', '10': '1231998687044173948', '13': '1334194604722884628', '15': '1231998686293131294', '18': '1334194605536706660', '20': '1231998685248749742', '23': '1334194607273279508', '25': '1231998683139276840', '28': '1334194606790672494', '30': '1231998669138694225', '33': '1334194600826634302', '35': '1334194603699732480', '38': '1334194586423132270', '40': '1334194614915043398'}
2025-04-12 07:31:41,075 [INFO] Seviye string: 40
2025-04-12 07:31:41,076 [INFO] Seviye 40 için rol ID: 1334194614915043398
2025-04-12 07:31:41,076 [INFO] Rol bulundu: Yeþil Kralýn Hançeri (Lv. 40) (ID: 1334194614915043398)
2025-04-12 07:31:41,076 [INFO] Kullanýcýnýn mevcut rolleri: {1110215709792931942, 1141809409664749639, 1157967788535730246, 1185544229624238122, 1157967748589162507, 1157967747406368878, 1110969051049623663, 1334194586423132270, 1110213775392514190, 1108389209502392411, 1109145299324243999}
2025-04-12 07:31:41,076 [INFO] Kaldýrýlacak rol: Mavi Düzen Bekçisi (Lv. 38) (ID: 1334194586423132270)
2025-04-12 07:31:41,077 [INFO] Roller kaldýrýlýyor: ['Mavi Düzen Bekçisi (Lv. 38)']
2025-04-12 07:31:41,535 [INFO] Rol ekleniyor: Yeþil Kralýn Hançeri (Lv. 40) (ID: 1334194614915043398)
2025-04-12 07:32:03,400 [INFO] Tüm seviye rolleri kaldýrýlýyor: onura1 (ID: 1075675348731183166)
2025-04-12 07:32:03,877 [INFO] onura1'dan roller kaldýrýldý: ['Yeþil Kralýn Hançeri (Lv. 40)']
2025-04-12 08:58:25,241 [INFO] Yapýlandýrma dosyasý yükleniyor: c:\Users\onur\Desktop\Yata Misaki - testing\commands\Leveling\..\..\leveling_config.json
2025-04-12 08:58:25,242 [INFO] Yüklenen yapýlandýrma: {'xp_range': {'min': 15, 'max': 25}, 'xp_cooldown_seconds': 60, 'level_roles': {'1': '1334194610221748347', '3': '1334194609038823424', '5': '1231998687866261545', '7': '1334194608208347146', '10': '1231998687044173948', '13': '1334194604722884628', '15': '1231998686293131294', '18': '1334194605536706660', '20': '1231998685248749742', '23': '1334194607273279508', '25': '1231998683139276840', '28': '1334194606790672494', '30': '1231998669138694225', '33': '1334194600826634302', '35': '1334194603699732480', '38': '1334194586423132270', '40': '1334194614915043398'}, 'remove_roles_if_below_rank': None, 'remove_previous_roles': True, 'blacklisted_channels': [], 'xp_boosts': {}}
2025-04-12 08:58:25,242 [INFO] Seviye yapýlandýrmasý 'c:\Users\onur\Desktop\Yata Misaki - testing\commands\Leveling\..\..\leveling_config.json' baþarýyla yüklendi.
2025-04-12 08:58:25,242 [INFO] Yüklenen level_roles: {'1': '1334194610221748347', '3': '1334194609038823424', '5': '1231998687866261545', '7': '1334194608208347146', '10': '1231998687044173948', '13': '1334194604722884628', '15': '1231998686293131294', '18': '1334194605536706660', '20': '1231998685248749742', '23': '1334194607273279508', '25': '1231998683139276840', '28': '1334194606790672494', '30': '1231998669138694225', '33': '1334194600826634302', '35': '1334194603699732480', '38': '1334194586423132270', '40': '1334194614915043398'}
2025-04-12 08:58:25,243 [INFO] 'levels.db' veritabanýna baðlandý.
2025-04-12 08:58:25,244 [INFO] Leveling Cog (Seviye Sistemi) yüklendi!
2025-04-12 08:58:25,362 [INFO] 'partners.db' veritabanýna baðlandý.
2025-04-12 08:58:25,364 [INFO] logging in using static token
2025-04-12 08:58:26,926 [INFO] Shard ID None has connected to Gateway (Session ID: b147574c11ce0d12b82dc463f5080cc2).
2025-04-12 09:08:38,421 [INFO] Yapýlandýrma dosyasý yükleniyor: c:\Users\onur\Desktop\Yata Misaki - testing\commands\Leveling\..\..\leveling_config.json
2025-04-12 09:08:38,421 [INFO] Yüklenen yapýlandýrma: {'xp_range': {'min': 15, 'max': 25}, 'xp_cooldown_seconds': 60, 'level_roles': {'1': '1334194610221748347', '3': '1334194609038823424', '5': '1231998687866261545', '7': '1334194608208347146', '10': '1231998687044173948', '13': '1334194604722884628', '15': '1231998686293131294', '18': '1334194605536706660', '20': '1231998685248749742', '23': '1334194607273279508', '25': '1231998683139276840', '28': '1334194606790672494', '30': '1231998669138694225', '33': '1334194600826634302', '35': '1334194603699732480', '38': '1334194586423132270', '40': '1334194614915043398'}, 'remove_roles_if_below_rank': None, 'remove_previous_roles': True, 'blacklisted_channels': [], 'xp_boosts': {}}
2025-04-12 09:08:38,421 [INFO] Seviye yapýlandýrmasý 'c:\Users\onur\Desktop\Yata Misaki - testing\commands\Leveling\..\..\leveling_config.json' baþarýyla yüklendi.
2025-04-12 09:08:38,421 [INFO] Yüklenen level_roles: {'1': '1334194610221748347', '3': '1334194609038823424', '5': '1231998687866261545', '7': '1334194608208347146', '10': '1231998687044173948', '13': '1334194604722884628', '15': '1231998686293131294', '18': '1334194605536706660', '20': '1231998685248749742', '23': '1334194607273279508', '25': '1231998683139276840', '28': '1334194606790672494', '30': '1231998669138694225', '33': '1334194600826634302', '35': '1334194603699732480', '38': '1334194586423132270', '40': '1334194614915043398'}
2025-04-12 09:08:38,422 [INFO] 'levels.db' veritabanýna baðlandý.
2025-04-12 09:08:38,422 [INFO] Leveling Cog (Seviye Sistemi) yüklendi!
2025-04-12 09:08:38,519 [INFO] 'partners.db' veritabanýna baðlandý.
2025-04-12 09:08:38,522 [INFO] logging in using static token
2025-04-12 09:08:40,066 [INFO] Shard ID None has connected to Gateway (Session ID: d56971c29db387488ef91280e7de00ca).
2025-04-12 09:11:15,606 [INFO] Yapýlandýrma dosyasý yükleniyor: c:\Users\onur\Desktop\Yata Misaki - testing\commands\Leveling\..\..\leveling_config.json
2025-04-12 09:11:15,607 [INFO] Yüklenen yapýlandýrma: {'xp_range': {'min': 15, 'max': 25}, 'xp_cooldown_seconds': 60, 'level_roles': {'1': '1334194610221748347', '3': '1334194609038823424', '5': '1231998687866261545', '7': '1334194608208347146', '10': '1231998687044173948', '13': '1334194604722884628', '15': '1231998686293131294', '18': '1334194605536706660', '20': '1231998685248749742', '23': '1334194607273279508', '25': '1231998683139276840', '28': '1334194606790672494', '30': '1231998669138694225', '33': '1334194600826634302', '35': '1334194603699732480', '38': '1334194586423132270', '40': '1334194614915043398'}, 'remove_roles_if_below_rank': None, 'remove_previous_roles': True, 'blacklisted_channels': [], 'xp_boosts': {}}
2025-04-12 09:11:15,607 [INFO] Seviye yapýlandýrmasý 'c:\Users\onur\Desktop\Yata Misaki - testing\commands\Leveling\..\..\leveling_config.json' baþarýyla yüklendi.
2025-04-12 09:11:15,608 [INFO] Yüklenen level_roles: {'1': '1334194610221748347', '3': '1334194609038823424', '5': '1231998687866261545', '7': '1334194608208347146', '10': '1231998687044173948', '13': '1334194604722884628', '15': '1231998686293131294', '18': '1334194605536706660', '20': '1231998685248749742', '23': '1334194607273279508', '25': '1231998683139276840', '28': '1334194606790672494', '30': '1231998669138694225', '33': '1334194600826634302', '35': '1334194603699732480', '38': '1334194586423132270', '40': '1334194614915043398'}
2025-04-12 09:11:15,609 [INFO] 'levels.db' veritabanýna baðlandý.
2025-04-12 09:11:15,609 [INFO] Leveling Cog (Seviye Sistemi) yüklendi!
2025-04-12 09:11:15,718 [INFO] 'partners.db' veritabanýna baðlandý.
2025-04-12 09:11:15,721 [INFO] logging in using static token
2025-04-12 09:11:17,151 [INFO] Shard ID None has connected to Gateway (Session ID: 34a67e9b3163d37c8c9dde1298ccdb87).
2025-04-12 17:31:33,667 [INFO] Yapýlandýrma dosyasý yükleniyor: c:\Users\onur\Desktop\Yata Misaki - testing\commands\Leveling\..\..\leveling_config.json
2025-04-12 17:31:33,668 [INFO] Yüklenen yapýlandýrma: {'xp_range': {'min': 15, 'max': 25}, 'xp_cooldown_seconds': 60, 'level_roles': {'1': '1334194610221748347', '3': '1334194609038823424', '5': '1231998687866261545', '7': '1334194608208347146', '10': '1231998687044173948', '13': '1334194604722884628', '15': '1231998686293131294', '18': '1334194605536706660', '20': '1231998685248749742', '23': '1334194607273279508', '25': '1231998683139276840', '28': '1334194606790672494', '30': '1231998669138694225', '33': '1334194600826634302', '35': '1334194603699732480', '38': '1334194586423132270', '40': '1334194614915043398'}, 'remove_roles_if_below_rank': None, 'remove_previous_roles': True, 'blacklisted_channels': [], 'xp_boosts': {}}
2025-04-12 17:31:33,669 [INFO] Seviye yapýlandýrmasý 'c:\Users\onur\Desktop\Yata Misaki - testing\commands\Leveling\..\..\leveling_config.json' baþarýyla yüklendi.
2025-04-12 17:31:33,669 [INFO] Yüklenen level_roles: {'1': '1334194610221748347', '3': '1334194609038823424', '5': '1231998687866261545', '7': '1334194608208347146', '10': '1231998687044173948', '13': '1334194604722884628', '15': '1231998686293131294', '18': '1334194605536706660', '20': '1231998685248749742', '23': '1334194607273279508', '25': '1231998683139276840', '28': '1334194606790672494', '30': '1231998669138694225', '33': '1334194600826634302', '35': '1334194603699732480', '38': '1334194586423132270', '40': '1334194614915043398'}
2025-04-12 17:31:33,684 [INFO] 'levels.db' veritabanýna baðlandý.
2025-04-12 17:31:33,685 [INFO] Leveling Cog (Seviye Sistemi) yüklendi!
2025-04-12 17:31:33,814 [INFO] 'partners.db' veritabanýna baðlandý.
2025-04-12 17:31:33,816 [INFO] logging in using static token
2025-04-12 17:31:35,425 [INFO] Shard ID None has connected to Gateway (Session ID: d34b2d0f26fa3d7ad99fc6c118e54e81).
2025-04-12 17:48:59,963 [INFO] Yapýlandýrma dosyasý yükleniyor: c:\Users\onur\Desktop\Yata Misaki - testing\commands\Leveling\..\..\leveling_config.json
2025-04-12 17:48:59,964 [INFO] Yüklenen yapýlandýrma: {'xp_range': {'min': 15, 'max': 25}, 'xp_cooldown_seconds': 60, 'level_roles': {'1': '1334194610221748347', '3': '1334194609038823424', '5': '1231998687866261545', '7': '1334194608208347146', '10': '1231998687044173948', '13': '1334194604722884628', '15': '1231998686293131294', '18': '1334194605536706660', '20': '1231998685248749742', '23': '1334194607273279508', '25': '1231998683139276840', '28': '1334194606790672494', '30': '1231998669138694225', '33': '1334194600826634302', '35': '1334194603699732480', '38': '1334194586423132270', '40': '1334194614915043398'}, 'remove_roles_if_below_rank': None, 'remove_previous_roles': True, 'blacklisted_channels': [], 'xp_boosts': {}}
2025-04-12 17:48:59,964 [INFO] Seviye yapýlandýrmasý 'c:\Users\onur\Desktop\Yata Misaki - testing\commands\Leveling\..\..\leveling_config.json' baþarýyla yüklendi.
2025-04-12 17:48:59,964 [INFO] Yüklenen level_roles: {'1': '1334194610221748347', '3': '1334194609038823424', '5': '1231998687866261545', '7': '1334194608208347146', '10': '1231998687044173948', '13': '1334194604722884628', '15': '1231998686293131294', '18': '1334194605536706660', '20': '1231998685248749742', '23': '1334194607273279508', '25': '1231998683139276840', '28': '1334194606790672494', '30': '1231998669138694225', '33': '1334194600826634302', '35': '1334194603699732480', '38': '1334194586423132270', '40': '1334194614915043398'}
2025-04-12 17:48:59,965 [INFO] 'levels.db' veritabanýna baðlandý.
2025-04-12 17:48:59,966 [INFO] Leveling Cog (Seviye Sistemi) yüklendi!
2025-04-12 17:49:00,086 [INFO] 'partners.db' veritabanýna baðlandý.
2025-04-12 17:49:00,089 [INFO] logging in using static token
2025-04-12 17:49:01,630 [INFO] Shard ID None has connected to Gateway (Session ID: 46c1cc3feb4cdafa3c0363c332dbc5db).
2025-04-13 09:39:48,647 [INFO] Yapýlandýrma dosyasý yükleniyor: c:\Users\onur\Desktop\Yata Misaki - testing\commands\Leveling\..\..\leveling_config.json
2025-04-13 09:39:48,648 [INFO] Yüklenen yapýlandýrma: {'xp_range': {'min': 15, 'max': 25}, 'xp_cooldown_seconds': 60, 'level_roles': {'1': '1334194610221748347', '3': '1334194609038823424', '5': '1231998687866261545', '7': '1334194608208347146', '10': '1231998687044173948', '13': '1334194604722884628', '15': '1231998686293131294', '18': '1334194605536706660', '20': '1231998685248749742', '23': '1334194607273279508', '25': '1231998683139276840', '28': '1334194606790672494', '30': '1231998669138694225', '33': '1334194600826634302', '35': '1334194603699732480', '38': '1334194586423132270', '40': '1334194614915043398'}, 'remove_roles_if_below_rank': None, 'remove_previous_roles': True, 'blacklisted_channels': [], 'xp_boosts': {}}
2025-04-13 09:39:48,649 [INFO] Seviye yapýlandýrmasý 'c:\Users\onur\Desktop\Yata Misaki - testing\commands\Leveling\..\..\leveling_config.json' baþarýyla yüklendi.
2025-04-13 09:39:48,649 [INFO] Yüklenen level_roles: {'1': '1334194610221748347', '3': '1334194609038823424', '5': '1231998687866261545', '7': '1334194608208347146', '10': '1231998687044173948', '13': '1334194604722884628', '15': '1231998686293131294', '18': '1334194605536706660', '20': '1231998685248749742', '23': '1334194607273279508', '25': '1231998683139276840', '28': '1334194606790672494', '30': '1231998669138694225', '33': '1334194600826634302', '35': '1334194603699732480', '38': '1334194586423132270', '40': '1334194614915043398'}
2025-04-13 09:39:48,664 [INFO] 'levels.db' veritabanýna baðlandý.
2025-04-13 09:39:48,664 [INFO] Leveling Cog (Seviye Sistemi) yüklendi!
2025-04-13 09:39:48,839 [INFO] 'partners.db' veritabanýna baðlandý.
2025-04-13 09:39:48,842 [INFO] logging in using static token
2025-04-13 09:39:51,570 [INFO] Shard ID None has connected to Gateway (Session ID: 511ad9023e62b0879777938af6054d84).
2025-04-13 10:22:55,404 [INFO] Shard ID None has successfully RESUMED session 511ad9023e62b0879777938af6054d84.
2025-05-11 10:58:29,142 [INFO] Yapýlandýrma dosyasý yükleniyor: c:\Users\onur\Desktop\Yata Misaki - testing\commands\Leveling\..\..\leveling_config.json
2025-05-11 10:58:29,143 [INFO] Yüklenen yapýlandýrma: {'xp_range': {'min': 15, 'max': 25}, 'xp_cooldown_seconds': 60, 'level_roles': {'1': '1359918543440969730', '3': '1359918543440969731', '5': '1359918543440969732', '7': '1359918543440969733', '10': '1359918543440969734', '13': '1359918543440969735', '15': '1359918543440969736', '18': '1359918543440969737', '20': '1359918543449231483', '25': '1359918543449231484', '28': '1359918543449231486', '30': '1359918543449231487', '31': '1359918543449231485', '33': '1359918543449231488', '35': '1359918543449231489', '38': '1359918543449231490', '40': '1359918543449231491'}, 'remove_roles_if_below_rank': None, 'remove_previous_roles': True, 'blacklisted_channels': [], 'xp_boosts': {}}
2025-05-11 10:58:29,143 [INFO] Seviye yapýlandýrmasý 'c:\Users\onur\Desktop\Yata Misaki - testing\commands\Leveling\..\..\leveling_config.json' baþarýyla yüklendi.
2025-05-11 10:58:29,144 [INFO] Yüklenen level_roles: {'1': '1359918543440969730', '3': '1359918543440969731', '5': '1359918543440969732', '7': '1359918543440969733', '10': '1359918543440969734', '13': '1359918543440969735', '15': '1359918543440969736', '18': '1359918543440969737', '20': '1359918543449231483', '25': '1359918543449231484', '28': '1359918543449231486', '30': '1359918543449231487', '31': '1359918543449231485', '33': '1359918543449231488', '35': '1359918543449231489', '38': '1359918543449231490', '40': '1359918543449231491'}
2025-05-11 10:58:29,159 [INFO] 'levels.db' veritabanýna baðlandý.
2025-05-11 10:58:29,160 [INFO] Leveling Cog (Seviye Sistemi) baþarýyla yüklendi!
2025-05-11 10:58:29,325 [INFO] 'partners.db' veritabanýna baðlandý.
2025-05-11 10:58:29,328 [INFO] logging in using static token
2025-05-11 10:58:30,979 [INFO] Shard ID None has connected to Gateway (Session ID: f60db2ddac94e810c6e941c580579300).
2025-05-11 10:58:46,246 [INFO] Yapýlandýrma dosyasý yükleniyor: c:\Users\onur\Desktop\Yata Misaki - testing\commands\Leveling\..\..\leveling_config.json
2025-05-11 10:58:46,248 [INFO] Yüklenen yapýlandýrma: {'xp_range': {'min': 15, 'max': 25}, 'xp_cooldown_seconds': 60, 'level_roles': {'1': '1359918543440969730', '3': '1359918543440969731', '5': '1359918543440969732', '7': '1359918543440969733', '10': '1359918543440969734', '13': '1359918543440969735', '15': '1359918543440969736', '18': '1359918543440969737', '20': '1359918543449231483', '25': '1359918543449231484', '28': '1359918543449231486', '30': '1359918543449231487', '31': '1359918543449231485', '33': '1359918543449231488', '35': '1359918543449231489', '38': '1359918543449231490', '40': '1359918543449231491'}, 'remove_roles_if_below_rank': None, 'remove_previous_roles': True, 'blacklisted_channels': [], 'xp_boosts': {}}
2025-05-11 10:58:46,248 [INFO] Seviye yapýlandýrmasý 'c:\Users\onur\Desktop\Yata Misaki - testing\commands\Leveling\..\..\leveling_config.json' baþarýyla yüklendi.
2025-05-11 10:58:46,248 [INFO] Yüklenen level_roles: {'1': '1359918543440969730', '3': '1359918543440969731', '5': '1359918543440969732', '7': '1359918543440969733', '10': '1359918543440969734', '13': '1359918543440969735', '15': '1359918543440969736', '18': '1359918543440969737', '20': '1359918543449231483', '25': '1359918543449231484', '28': '1359918543449231486', '30': '1359918543449231487', '31': '1359918543449231485', '33': '1359918543449231488', '35': '1359918543449231489', '38': '1359918543449231490', '40': '1359918543449231491'}
2025-05-11 10:58:46,249 [INFO] 'levels.db' veritabanýna baðlandý.
2025-05-11 10:58:46,250 [INFO] Leveling Cog (Seviye Sistemi) baþarýyla yüklendi!
2025-05-11 10:58:46,390 [INFO] 'partners.db' veritabanýna baðlandý.
2025-05-11 10:58:46,393 [INFO] logging in using static token
2025-05-11 10:58:47,695 [INFO] Shard ID None has connected to Gateway (Session ID: a058ad0d1c6599d75b45659c2f952031).
2025-05-11 10:58:49,707 [INFO] Bot baþlatýldý, seviye rolleri düzeltme iþlemi baþlýyor.
2025-05-11 10:58:49,707 [INFO] Sunucu: Homura TR - Yedek (ID: 1359918543176732863) için roller kontrol ediliyor.
2025-05-11 10:58:49,999 [INFO] Rol düzeltme: onura1 (ID: 1075675348731183166)
2025-05-11 10:58:50,000 [INFO] Kullanýcý DB'de bulunamadý/eksik, sýfýrlanýyor (K:1075675348731183166, S:1359918543176732863)
2025-05-11 10:58:50,010 [INFO] Tüm seviye rolleri kaldýrýlýyor: onura1 (ID: 1075675348731183166)
2025-05-11 10:58:51,166 [INFO] onura1'dan roller kaldýrýldý: ['Alevin Kývýlcýmý (Lv. 10)', 'Asa Taþýyan (Lv. 18)', 'Yeþil Þifreci (Lv. 25)']
2025-05-11 10:58:51,166 [INFO] onura1 (Seviye 0) için atanacak rol bulunamadý (düzeltme).
2025-05-11 10:58:51,268 [INFO] Rol düzeltme: AshenCrown (ID: 545122607897378816)
2025-05-11 10:58:51,268 [INFO] Kullanýcý DB'de bulunamadý/eksik, sýfýrlanýyor (K:545122607897378816, S:1359918543176732863)
2025-05-11 10:58:51,278 [INFO] Tüm seviye rolleri kaldýrýlýyor: AshenCrown (ID: 545122607897378816)
2025-05-11 10:58:51,278 [INFO] AshenCrown (Seviye 0) için atanacak rol bulunamadý (düzeltme).
2025-05-11 10:58:51,392 [INFO] Seviye rolleri düzeltme iþlemi tamamlandý.
2025-05-11 10:59:02,183 [INFO] Eski durum: onura1 | Seviye: 0, XP: 0, Toplam XP: 0
2025-05-11 10:59:02,193 [INFO] XP Deðiþimi: onura1 | Deðiþim: +22 | Yeni Toplam XP: 22 | Seviye: 0 -> 0
2025-05-11 11:00:01,235 [INFO] Eski durum: onura1 | Seviye: 0, XP: 22, Toplam XP: 22
2025-05-11 11:00:01,244 [INFO] XP Deðiþimi: onura1 | Deðiþim: +10000 | Yeni Toplam XP: 10022 | Seviye: 0 -> 13
2025-05-11 11:00:01,244 [INFO] Seviye atlandý: 0 -> 13, rol güncelleme çaðrýlýyor.
2025-05-11 11:00:01,244 [INFO] Rol güncelleme baþlatýldý: onura1 (ID: 1075675348731183166), Seviye: 13
2025-05-11 11:00:01,246 [INFO] Level roles map: {'1': '1359918543440969730', '3': '1359918543440969731', '5': '1359918543440969732', '7': '1359918543440969733', '10': '1359918543440969734', '13': '1359918543440969735', '15': '1359918543440969736', '18': '1359918543440969737', '20': '1359918543449231483', '25': '1359918543449231484', '28': '1359918543449231486', '30': '1359918543449231487', '31': '1359918543449231485', '33': '1359918543449231488', '35': '1359918543449231489', '38': '1359918543449231490', '40': '1359918543449231491'}
2025-05-11 11:00:01,246 [INFO] Seviye 13 için rol ID: 1359918543440969735
2025-05-11 11:00:01,246 [INFO] Rol bulundu: Gümüþ Yolcu (Lv. 13) (ID: 1359918543440969735)
2025-05-11 11:00:01,246 [INFO] Kullanýcýnýn mevcut rolleri: {1359918543474262092, 1359918543176732863}
2025-05-11 11:00:01,246 [INFO] Rol ekleniyor: Gümüþ Yolcu (Lv. 13) (ID: 1359918543440969735)
2025-05-11 18:20:33,615 [INFO] Yapýlandýrma dosyasý yükleniyor: c:\Users\onur\Desktop\Yata Misaki - testing\commands\Leveling\..\..\leveling_config.json
2025-05-11 18:20:33,616 [INFO] Yüklenen yapýlandýrma: {'xp_range': {'min': 15, 'max': 25}, 'xp_cooldown_seconds': 60, 'level_roles': {'1': '1359918543440969730', '3': '1359918543440969731', '5': '1359918543440969732', '7': '1359918543440969733', '10': '1359918543440969734', '13': '1359918543440969735', '15': '1359918543440969736', '18': '1359918543440969737', '20': '1359918543449231483', '25': '1359918543449231484', '28': '1359918543449231486', '30': '1359918543449231487', '31': '1359918543449231485', '33': '1359918543449231488', '35': '1359918543449231489', '38': '1359918543449231490', '40': '1359918543449231491'}, 'remove_roles_if_below_rank': None, 'remove_previous_roles': True, 'blacklisted_channels': [], 'xp_boosts': {}}
2025-05-11 18:20:33,616 [INFO] Seviye yapýlandýrmasý 'c:\Users\onur\Desktop\Yata Misaki - testing\commands\Leveling\..\..\leveling_config.json' baþarýyla yüklendi.
2025-05-11 18:20:33,617 [INFO] Yüklenen level_roles: {'1': '1359918543440969730', '3': '1359918543440969731', '5': '1359918543440969732', '7': '1359918543440969733', '10': '1359918543440969734', '13': '1359918543440969735', '15': '1359918543440969736', '18': '1359918543440969737', '20': '1359918543449231483', '25': '1359918543449231484', '28': '1359918543449231486', '30': '1359918543449231487', '31': '1359918543449231485', '33': '1359918543449231488', '35': '1359918543449231489', '38': '1359918543449231490', '40': '1359918543449231491'}
2025-05-11 18:20:33,618 [INFO] 'levels.db' veritabanýna baðlandý.
2025-05-11 18:20:33,618 [INFO] Leveling Cog (Seviye Sistemi) baþarýyla yüklendi!
2025-05-11 18:20:33,770 [INFO] 'partners.db' veritabanýna baðlandý.
2025-05-11 18:20:33,775 [INFO] logging in using static token
2025-05-11 18:20:35,517 [INFO] Shard ID None has connected to Gateway (Session ID: f35db9cdeec9e0a241199dbeab4181bc).
2025-05-11 18:20:37,551 [INFO] Bot baþlatýldý, seviye rolleri düzeltme iþlemi baþlýyor.
2025-05-11 18:20:37,551 [INFO] Sunucu: Homura TR - Yedek (ID: 1359918543176732863) için roller kontrol ediliyor.
2025-05-11 18:20:37,896 [INFO] Rol düzeltme: onura1 (ID: 1075675348731183166)
2025-05-11 18:20:37,896 [INFO] Tüm seviye rolleri kaldýrýlýyor: onura1 (ID: 1075675348731183166)
2025-05-11 18:20:38,354 [INFO] onura1'dan roller kaldýrýldý: ['Gümüþ Yolcu (Lv. 13)']
2025-05-11 18:20:38,354 [INFO] onura1 zaten Gümüþ Yolcu (Lv. 13) rolüne sahip (düzeltme sonrasý).
2025-05-11 18:20:38,455 [INFO] Rol düzeltme: AshenCrown (ID: 545122607897378816)
2025-05-11 18:20:38,455 [INFO] Tüm seviye rolleri kaldýrýlýyor: AshenCrown (ID: 545122607897378816)
2025-05-11 18:20:38,456 [INFO] AshenCrown (Seviye 0) için atanacak rol bulunamadý (düzeltme).
2025-05-11 18:20:38,563 [INFO] Seviye rolleri düzeltme iþlemi tamamlandý.
2025-05-11 18:26:13,754 [INFO] Yapýlandýrma dosyasý yükleniyor: c:\Users\onur\Desktop\Yata Misaki - testing\commands\Leveling\..\..\leveling_config.json
2025-05-11 18:26:13,755 [INFO] Yüklenen yapýlandýrma: {'xp_range': {'min': 15, 'max': 25}, 'xp_cooldown_seconds': 60, 'level_roles': {'1': '1359918543440969730', '3': '1359918543440969731', '5': '1359918543440969732', '7': '1359918543440969733', '10': '1359918543440969734', '13': '1359918543440969735', '15': '1359918543440969736', '18': '1359918543440969737', '20': '1359918543449231483', '25': '1359918543449231484', '28': '1359918543449231486', '30': '1359918543449231487', '31': '1359918543449231485', '33': '1359918543449231488', '35': '1359918543449231489', '38': '1359918543449231490', '40': '1359918543449231491'}, 'remove_roles_if_below_rank': None, 'remove_previous_roles': True, 'blacklisted_channels': [], 'xp_boosts': {}}
2025-05-11 18:26:13,755 [INFO] Seviye yapýlandýrmasý 'c:\Users\onur\Desktop\Yata Misaki - testing\commands\Leveling\..\..\leveling_config.json' baþarýyla yüklendi.
2025-05-11 18:26:13,756 [INFO] Yüklenen level_roles: {'1': '1359918543440969730', '3': '1359918543440969731', '5': '1359918543440969732', '7': '1359918543440969733', '10': '1359918543440969734', '13': '1359918543440969735', '15': '1359918543440969736', '18': '1359918543440969737', '20': '1359918543449231483', '25': '1359918543449231484', '28': '1359918543449231486', '30': '1359918543449231487', '31': '1359918543449231485', '33': '1359918543449231488', '35': '1359918543449231489', '38': '1359918543449231490', '40': '1359918543449231491'}
2025-05-11 18:26:13,757 [INFO] 'levels.db' veritabanýna baðlandý.
2025-05-11 18:26:13,757 [INFO] Leveling Cog (Seviye Sistemi) baþarýyla yüklendi!
2025-05-11 18:26:13,905 [INFO] 'partners.db' veritabanýna baðlandý.
2025-05-11 18:26:13,910 [INFO] logging in using static token
2025-05-11 18:26:15,633 [INFO] Shard ID None has connected to Gateway (Session ID: 42f5866fa2049e167f182466d0fb9e6d).
2025-05-11 18:26:17,649 [INFO] Bot baþlatýldý, seviye rolleri düzeltme iþlemi baþlýyor.
2025-05-11 18:26:17,649 [INFO] Sunucu: Homura TR - Yedek (ID: 1359918543176732863) için roller kontrol ediliyor.
2025-05-11 18:26:17,947 [INFO] Rol düzeltme: onura1 (ID: 1075675348731183166)
2025-05-11 18:26:17,947 [INFO] Tüm seviye rolleri kaldýrýlýyor: onura1 (ID: 1075675348731183166)
2025-05-11 18:26:18,399 [INFO] onura1 için rol atandý: Gümüþ Yolcu (Lv. 13) (ID: 1359918543440969735)
2025-05-11 18:26:18,512 [INFO] Rol düzeltme: AshenCrown (ID: 545122607897378816)
2025-05-11 18:26:18,512 [INFO] Tüm seviye rolleri kaldýrýlýyor: AshenCrown (ID: 545122607897378816)
2025-05-11 18:26:18,513 [INFO] AshenCrown (Seviye 0) için atanacak rol bulunamadý (düzeltme).
2025-05-11 18:26:18,621 [INFO] Seviye rolleri düzeltme iþlemi tamamlandý.
2025-05-11 18:30:39,299 [INFO] Yapýlandýrma dosyasý yükleniyor: c:\Users\onur\Desktop\Yata Misaki - testing\commands\Leveling\..\..\leveling_config.json
2025-05-11 18:30:39,299 [INFO] Yüklenen yapýlandýrma: {'xp_range': {'min': 15, 'max': 25}, 'xp_cooldown_seconds': 60, 'level_roles': {'1': '1359918543440969730', '3': '1359918543440969731', '5': '1359918543440969732', '7': '1359918543440969733', '10': '1359918543440969734', '13': '1359918543440969735', '15': '1359918543440969736', '18': '1359918543440969737', '20': '1359918543449231483', '25': '1359918543449231484', '28': '1359918543449231486', '30': '1359918543449231487', '31': '1359918543449231485', '33': '1359918543449231488', '35': '1359918543449231489', '38': '1359918543449231490', '40': '1359918543449231491'}, 'remove_roles_if_below_rank': None, 'remove_previous_roles': True, 'blacklisted_channels': [], 'xp_boosts': {}}
2025-05-11 18:30:39,300 [INFO] Seviye yapýlandýrmasý 'c:\Users\onur\Desktop\Yata Misaki - testing\commands\Leveling\..\..\leveling_config.json' baþarýyla yüklendi.
2025-05-11 18:30:39,300 [INFO] Yüklenen level_roles: {'1': '1359918543440969730', '3': '1359918543440969731', '5': '1359918543440969732', '7': '1359918543440969733', '10': '1359918543440969734', '13': '1359918543440969735', '15': '1359918543440969736', '18': '1359918543440969737', '20': '1359918543449231483', '25': '1359918543449231484', '28': '1359918543449231486', '30': '1359918543449231487', '31': '1359918543449231485', '33': '1359918543449231488', '35': '1359918543449231489', '38': '1359918543449231490', '40': '1359918543449231491'}
2025-05-11 18:30:39,301 [INFO] 'levels.db' veritabanýna baðlandý.
2025-05-11 18:30:39,301 [INFO] Leveling Cog (Seviye Sistemi) baþarýyla yüklendi!
2025-05-11 18:30:39,458 [INFO] 'partners.db' veritabanýna baðlandý.
2025-05-11 18:30:39,462 [INFO] logging in using static token
2025-05-11 18:30:41,187 [INFO] Shard ID None has connected to Gateway (Session ID: c4c266483b3ddddc1ffd3ded6d98c604).
2025-05-11 18:30:43,260 [INFO] Bot baþlatýldý, seviye rolleri düzeltme iþlemi baþlýyor.
2025-05-11 18:30:43,260 [INFO] Sunucu: Homura TR - Yedek (ID: 1359918543176732863) için roller kontrol ediliyor.
2025-05-11 18:30:43,535 [INFO] Rol düzeltme: onura1 (ID: 1075675348731183166)
2025-05-11 18:30:43,536 [INFO] Tüm seviye rolleri kaldýrýlýyor: onura1 (ID: 1075675348731183166)
2025-05-11 18:30:43,965 [INFO] onura1'dan roller kaldýrýldý: ['Gümüþ Yolcu (Lv. 13)']
2025-05-11 18:30:43,966 [INFO] onura1 zaten Gümüþ Yolcu (Lv. 13) rolüne sahip (düzeltme sonrasý).
2025-05-11 18:30:44,080 [INFO] Rol düzeltme: AshenCrown (ID: 545122607897378816)
2025-05-11 18:30:44,080 [INFO] Tüm seviye rolleri kaldýrýlýyor: AshenCrown (ID: 545122607897378816)
2025-05-11 18:30:44,080 [INFO] AshenCrown (Seviye 0) için atanacak rol bulunamadý (düzeltme).
2025-05-11 18:30:44,189 [INFO] Seviye rolleri düzeltme iþlemi tamamlandý.
2025-05-11 18:48:58,647 [INFO] Eski durum: onura1 | Seviye: 13, XP: 1572, Toplam XP: 10022
2025-05-11 18:48:58,661 [INFO] XP Deðiþimi: onura1 | Deðiþim: +19 | Yeni Toplam XP: 10041 | Seviye: 13 -> 13
